<?xml version="1.0" encoding="UTF-8"?>
<testsuite name="com.example.ruleserver.controller.RuleControllerTest" tests="1" skipped="0" failures="0" errors="0" timestamp="2022-05-02T10:00:03" hostname="camilapui-MacBookPro.local" time="3.78">
  <properties/>
  <testcase name="test" classname="com.example.ruleserver.controller.RuleControllerTest" time="3.78"/>
  <system-out><![CDATA[19:00:00.308 [Test worker] DEBUG org.springframework.test.annotation.ProfileValueUtils - Retrieved @ProfileValueSourceConfiguration [null] for test class [com.example.ruleserver.controller.RuleControllerTest]
19:00:00.308 [Test worker] DEBUG org.springframework.test.annotation.ProfileValueUtils - Retrieved ProfileValueSource type [class org.springframework.test.annotation.SystemProfileValueSource] for class [com.example.ruleserver.controller.RuleControllerTest]
19:00:00.308 [Test worker] DEBUG org.springframework.test.annotation.ProfileValueUtils - Retrieved @ProfileValueSourceConfiguration [null] for test class [com.example.ruleserver.controller.RuleControllerTest]
19:00:00.308 [Test worker] DEBUG org.springframework.test.annotation.ProfileValueUtils - Retrieved ProfileValueSource type [class org.springframework.test.annotation.SystemProfileValueSource] for class [com.example.ruleserver.controller.RuleControllerTest]
19:00:00.739 [Test worker] DEBUG org.springframework.test.annotation.ProfileValueUtils - Retrieved @ProfileValueSourceConfiguration [null] for test class [com.example.ruleserver.controller.RuleControllerTest]
19:00:00.740 [Test worker] DEBUG org.springframework.test.annotation.ProfileValueUtils - Retrieved ProfileValueSource type [class org.springframework.test.annotation.SystemProfileValueSource] for class [com.example.ruleserver.controller.RuleControllerTest]
19:00:00.747 [Test worker] INFO io.specto.hoverfly.junit.core.TempFileManager - Selecting the following binary based on the current operating system: hoverfly_OSX_amd64
19:00:00.750 [Test worker] INFO io.specto.hoverfly.junit.core.TempFileManager - Storing binary in temporary directory /var/folders/dk/bkhcq8816z1_7l9rzjvsx4dc0000gn/T/hoverfly.10080540619608931009/hoverfly_OSX_amd64
19:00:00.850 [Test worker] INFO io.specto.hoverfly.junit.core.Hoverfly - Executing binary at /var/folders/dk/bkhcq8816z1_7l9rzjvsx4dc0000gn/T/hoverfly.10080540619608931009/hoverfly_OSX_amd64
19:00:00.858 [Test worker] DEBUG org.zeroturnaround.exec.ProcessExecutor - Executing [/var/folders/dk/bkhcq8816z1_7l9rzjvsx4dc0000gn/T/hoverfly.10080540619608931009/hoverfly_OSX_amd64, -pp, 51375, -ap, 51376, -logs, json] in /var/folders/dk/bkhcq8816z1_7l9rzjvsx4dc0000gn/T/hoverfly.10080540619608931009.
19:00:00.868 [Test worker] DEBUG org.zeroturnaround.exec.ProcessExecutor - Started Process[pid=10929, exitValue="not exited"]
19:00:00.886 [Test worker] DEBUG io.specto.hoverfly.junit.api.HoverflyClient - Hoverfly healthcheck failed: Failed to connect to localhost/0:0:0:0:0:0:0:1:51376
19:00:00.990 [Test worker] DEBUG io.specto.hoverfly.junit.api.HoverflyClient - Hoverfly healthcheck failed: Failed to connect to localhost/0:0:0:0:0:0:0:1:51376
19:00:01.095 [Test worker] DEBUG io.specto.hoverfly.junit.api.HoverflyClient - Hoverfly healthcheck failed: Failed to connect to localhost/0:0:0:0:0:0:0:1:51376
19:00:01.197 [Test worker] DEBUG io.specto.hoverfly.junit.api.HoverflyClient - Hoverfly healthcheck failed: Failed to connect to localhost/0:0:0:0:0:0:0:1:51376
19:00:01.268 [Thread-4] INFO hoverfly - Default proxy port has been overwritten port=51375
19:00:01.269 [Thread-4] INFO hoverfly - Default admin port has been overwritten port=51376
19:00:01.269 [Thread-4] INFO hoverfly - Using memory backend 
19:00:01.269 [Thread-4] INFO hoverfly - Proxy prepared... Destination=. Mode=simulate ProxyPort=51375
19:00:01.269 [Thread-4] INFO hoverfly - current proxy configuration destination=. mode=simulate port=51375
19:00:01.269 [Thread-4] INFO hoverfly - serving proxy 
19:00:01.270 [Thread-4] INFO hoverfly - Admin interface is starting... AdminPort=51376
19:00:01.325 [Test worker] INFO io.specto.hoverfly.junit.core.Hoverfly - A local Hoverfly with version v1.3.3 is ready
19:00:01.331 [Thread-4] INFO hoverfly - Mode has been changed mode=simulate
19:00:01.338 [Test worker] INFO io.specto.hoverfly.junit.core.ProxyConfigurer - Setting proxy host to localhost
19:00:01.339 [Test worker] INFO io.specto.hoverfly.junit.core.ProxyConfigurer - Setting proxy proxyPort to 51375
19:00:01.339 [Test worker] INFO io.specto.hoverfly.junit.core.Hoverfly - Importing simulation data to Hoverfly
19:00:01.356 [Thread-4] INFO hoverfly - payloads imported failed=0 successful=2 total=2
The following simulation is imported to Hoverfly: 
{
  "data" : {
    "pairs" : [ {
      "request" : {
        "path" : [ {
          "matcher" : "regex",
          "value" : "^/customer/.*"
        } ],
        "method" : [ {
          "matcher" : "exact",
          "value" : "GET"
        } ],
        "destination" : [ {
          "matcher" : "exact",
          "value" : "customer-service:8091"
        } ],
        "query" : { },
        "body" : [ {
          "matcher" : "exact",
          "value" : ""
        } ]
      },
      "response" : {
        "status" : 200,
        "body" : "8091",
        "encodedBody" : false,
        "templated" : true,
        "headers" : {
          "Content-Type" : [ "application/json" ]
        }
      }
    }, {
      "request" : {
        "path" : [ {
          "matcher" : "regex",
          "value" : "^/customer/.*"
        } ],
        "method" : [ {
          "matcher" : "exact",
          "value" : "GET"
        } ],
        "destination" : [ {
          "matcher" : "exact",
          "value" : "customer-service:9091"
        } ],
        "query" : { },
        "body" : [ {
          "matcher" : "exact",
          "value" : ""
        } ]
      },
      "response" : {
        "status" : 200,
        "body" : "9091",
        "encodedBody" : false,
        "templated" : true,
        "headers" : {
          "Content-Type" : [ "application/json" ]
        }
      }
    } ],
    "globalActions" : {
      "delays" : [ {
        "urlPattern" : "customer-service:8091",
        "delay" : 100,
        "httpMethod" : ""
      }, {
        "urlPattern" : "customer-service:9091",
        "delay" : 200,
        "httpMethod" : ""
      } ]
    }
  },
  "meta" : {
    "schemaVersion" : "v5.1",
    "hoverflyVersion" : "v1.3.3",
    "timeExported" : "2022-05-02T19:00:01+09:00"
  }
}
19:00:01.377 [Test worker] DEBUG org.springframework.test.context.support.AbstractDirtiesContextTestExecutionListener - Before test class: context [DefaultTestContext@1317b708 testClass = RuleControllerTest, testInstance = [null], testMethod = [null], testException = [null], mergedContextConfiguration = [WebMergedContextConfiguration@6438a7fe testClass = RuleControllerTest, locations = '{}', classes = '{class com.example.ruleserver.RuleServerApplication}', contextInitializerClasses = '[]', activeProfiles = '{}', propertySourceLocations = '{}', propertySourceProperties = '{org.springframework.boot.test.context.SpringBootTestContextBootstrapper=true}', contextCustomizers = set[org.springframework.boot.test.autoconfigure.properties.PropertyMappingContextCustomizer@0, org.springframework.boot.test.autoconfigure.web.servlet.WebDriverContextCustomizerFactory$Customizer@56303b57, org.springframework.boot.test.context.filter.ExcludeFilterContextCustomizer@4983159f, org.springframework.boot.test.json.DuplicateJsonObjectContextCustomizerFactory$DuplicateJsonObjectContextCustomizer@4c550889, org.springframework.boot.test.mock.mockito.MockitoContextCustomizer@0, org.springframework.boot.test.web.client.TestRestTemplateContextCustomizer@2dd29a59, org.springframework.boot.test.context.SpringBootTestArgs@1, org.springframework.boot.test.context.SpringBootTestWebEnvironment@3da05287], resourceBasePath = 'src/main/webapp', contextLoader = 'org.springframework.boot.test.context.SpringBootContextLoader', parent = [null]], attributes = map['org.springframework.test.context.web.ServletTestExecutionListener.activateListener' -> false]], class annotated with @DirtiesContext [false] with mode [null].
19:00:01.378 [Test worker] DEBUG org.springframework.test.annotation.ProfileValueUtils - Retrieved @ProfileValueSourceConfiguration [null] for test class [com.example.ruleserver.controller.RuleControllerTest]
19:00:01.378 [Test worker] DEBUG org.springframework.test.annotation.ProfileValueUtils - Retrieved ProfileValueSource type [class org.springframework.test.annotation.SystemProfileValueSource] for class [com.example.ruleserver.controller.RuleControllerTest]
19:00:01.381 [Test worker] DEBUG org.springframework.test.context.support.DependencyInjectionTestExecutionListener - Performing dependency injection for test context [[DefaultTestContext@1317b708 testClass = RuleControllerTest, testInstance = com.example.ruleserver.controller.RuleControllerTest@6ff6efdc, testMethod = [null], testException = [null], mergedContextConfiguration = [WebMergedContextConfiguration@6438a7fe testClass = RuleControllerTest, locations = '{}', classes = '{class com.example.ruleserver.RuleServerApplication}', contextInitializerClasses = '[]', activeProfiles = '{}', propertySourceLocations = '{}', propertySourceProperties = '{org.springframework.boot.test.context.SpringBootTestContextBootstrapper=true}', contextCustomizers = set[org.springframework.boot.test.autoconfigure.properties.PropertyMappingContextCustomizer@0, org.springframework.boot.test.autoconfigure.web.servlet.WebDriverContextCustomizerFactory$Customizer@56303b57, org.springframework.boot.test.context.filter.ExcludeFilterContextCustomizer@4983159f, org.springframework.boot.test.json.DuplicateJsonObjectContextCustomizerFactory$DuplicateJsonObjectContextCustomizer@4c550889, org.springframework.boot.test.mock.mockito.MockitoContextCustomizer@0, org.springframework.boot.test.web.client.TestRestTemplateContextCustomizer@2dd29a59, org.springframework.boot.test.context.SpringBootTestArgs@1, org.springframework.boot.test.context.SpringBootTestWebEnvironment@3da05287], resourceBasePath = 'src/main/webapp', contextLoader = 'org.springframework.boot.test.context.SpringBootContextLoader', parent = [null]], attributes = map['org.springframework.test.context.web.ServletTestExecutionListener.activateListener' -> false]]].
19:00:01.397 [Test worker] DEBUG org.springframework.test.context.support.TestPropertySourceUtils - Adding inlined properties to environment: {spring.jmx.enabled=false, org.springframework.boot.test.context.SpringBootTestContextBootstrapper=true}
2022-05-02 19:00:01.808  INFO 10927 --- [    Test worker] trationDelegate$BeanPostProcessorChecker : Bean 'org.springframework.cloud.autoconfigure.ConfigurationPropertiesRebinderAutoConfiguration' of type [org.springframework.cloud.autoconfigure.ConfigurationPropertiesRebinderAutoConfiguration$$EnhancerBySpringCGLIB$$8c5b9b48] is not eligible for getting processed by all BeanPostProcessors (for example: not eligible for auto-proxying)

  .   ____          _            __ _ _
 /\\ / ___'_ __ _ _(_)_ __  __ _ \ \ \ \
( ( )\___ | '_ | '_| | '_ \/ _` | \ \ \ \
 \\/  ___)| |_)| | | | | || (_| |  ) ) ) )
  '  |____| .__|_| |_|_| |_\__, | / / / /
 =========|_|==============|___/=/_/_/_/
 :: Spring Boot ::        (v2.3.8.RELEASE)

2022-05-02 19:00:01.954  INFO 10927 --- [    Test worker] c.e.r.controller.RuleControllerTest      : No active profile set, falling back to default profiles: default
2022-05-02 19:00:02.325  INFO 10927 --- [    Test worker] o.s.cloud.context.scope.GenericScope     : BeanFactory id=71d6903b-34a6-3e8c-9533-c7f3ac9c866a
2022-05-02 19:00:02.363  INFO 10927 --- [    Test worker] trationDelegate$BeanPostProcessorChecker : Bean 'org.springframework.ws.config.annotation.DelegatingWsConfiguration' of type [org.springframework.ws.config.annotation.DelegatingWsConfiguration$$EnhancerBySpringCGLIB$$14d95d4a] is not eligible for getting processed by all BeanPostProcessors (for example: not eligible for auto-proxying)
2022-05-02 19:00:02.409  INFO 10927 --- [    Test worker] .w.s.a.s.AnnotationActionEndpointMapping : Supporting [WS-Addressing August 2004, WS-Addressing 1.0]
2022-05-02 19:00:02.419  INFO 10927 --- [    Test worker] trationDelegate$BeanPostProcessorChecker : Bean 'org.springframework.cloud.autoconfigure.ConfigurationPropertiesRebinderAutoConfiguration' of type [org.springframework.cloud.autoconfigure.ConfigurationPropertiesRebinderAutoConfiguration$$EnhancerBySpringCGLIB$$8c5b9b48] is not eligible for getting processed by all BeanPostProcessors (for example: not eligible for auto-proxying)
2022-05-02 19:00:02.672  INFO 10927 --- [    Test worker] o.s.b.w.embedded.tomcat.TomcatWebServer  : Tomcat initialized with port(s): 8092 (http)
2022-05-02 19:00:02.681  INFO 10927 --- [    Test worker] o.apache.catalina.core.StandardService   : Starting service [Tomcat]
2022-05-02 19:00:02.681  INFO 10927 --- [    Test worker] org.apache.catalina.core.StandardEngine  : Starting Servlet engine: [Apache Tomcat/9.0.41]
2022-05-02 19:00:02.780  INFO 10927 --- [    Test worker] o.a.c.c.C.[Tomcat].[localhost].[/]       : Initializing Spring embedded WebApplicationContext
2022-05-02 19:00:02.780  INFO 10927 --- [    Test worker] w.s.c.ServletWebServerApplicationContext : Root WebApplicationContext: initialization completed in 822 ms
2022-05-02 19:00:02.892  WARN 10927 --- [    Test worker] o.s.c.n.a.ArchaiusAutoConfiguration      : No spring.application.name found, defaulting to 'application'
2022-05-02 19:00:02.895  WARN 10927 --- [    Test worker] c.n.c.sources.URLConfigurationSource     : No URLs will be polled as dynamic configuration sources.
2022-05-02 19:00:02.895  INFO 10927 --- [    Test worker] c.n.c.sources.URLConfigurationSource     : To enable URLs as dynamic configuration sources, define System property archaius.configurationSource.additionalUrls or make config.properties available on classpath.
2022-05-02 19:00:02.899  WARN 10927 --- [    Test worker] c.n.c.sources.URLConfigurationSource     : No URLs will be polled as dynamic configuration sources.
2022-05-02 19:00:02.900  INFO 10927 --- [    Test worker] c.n.c.sources.URLConfigurationSource     : To enable URLs as dynamic configuration sources, define System property archaius.configurationSource.additionalUrls or make config.properties available on classpath.
2022-05-02 19:00:03.077  INFO 10927 --- [    Test worker] o.s.s.concurrent.ThreadPoolTaskExecutor  : Initializing ExecutorService 'applicationTaskExecutor'
2022-05-02 19:00:03.554  INFO 10927 --- [    Test worker] o.s.b.w.embedded.tomcat.TomcatWebServer  : Tomcat started on port(s): 8092 (http) with context path ''
2022-05-02 19:00:03.564  INFO 10927 --- [    Test worker] c.e.r.controller.RuleControllerTest      : Started RuleControllerTest in 2.164 seconds (JVM running for 4.199)
2022-05-02 19:00:03.921  INFO 10927 --- [nio-8092-exec-1] o.a.c.c.C.[Tomcat].[localhost].[/]       : Initializing Spring DispatcherServlet 'dispatcherServlet'
2022-05-02 19:00:03.921  INFO 10927 --- [nio-8092-exec-1] o.s.web.servlet.DispatcherServlet        : Initializing Servlet 'dispatcherServlet'
2022-05-02 19:00:03.936  INFO 10927 --- [nio-8092-exec-1] o.s.web.servlet.DispatcherServlet        : Completed initialization in 14 ms
2022-05-02 19:00:04.131  INFO 10927 --- [nio-8092-exec-1] c.netflix.config.ChainedDynamicProperty  : Flipping property: customer-service.ribbon.ActiveConnectionsLimit to use NEXT property: niws.loadbalancer.availabilityFilteringRule.activeConnectionsLimit = 2147483647
2022-05-02 19:00:04.157  INFO 10927 --- [nio-8092-exec-1] c.netflix.loadbalancer.BaseLoadBalancer  : Client: customer-service instantiated a LoadBalancer: DynamicServerListLoadBalancer:{NFLoadBalancer:name=customer-service,current list of Servers=[],Load balancer stats=Zone stats: {},Server stats: []}ServerList:null
2022-05-02 19:00:04.161  INFO 10927 --- [nio-8092-exec-1] c.n.l.DynamicServerListLoadBalancer      : Using serverListUpdater PollingServerListUpdater
2022-05-02 19:00:04.173  INFO 10927 --- [nio-8092-exec-1] c.netflix.config.ChainedDynamicProperty  : Flipping property: customer-service.ribbon.ActiveConnectionsLimit to use NEXT property: niws.loadbalancer.availabilityFilteringRule.activeConnectionsLimit = 2147483647
2022-05-02 19:00:04.175  INFO 10927 --- [nio-8092-exec-1] c.n.l.DynamicServerListLoadBalancer      : DynamicServerListLoadBalancer for client customer-service initialized: DynamicServerListLoadBalancer:{NFLoadBalancer:name=customer-service,current list of Servers=[customer-service:8091, customer-service:9091],Load balancer stats=Zone stats: {unknown=[Zone:unknown;	Instance count:2;	Active connections count: 0;	Circuit breaker tripped count: 0;	Active connections per server: 0.0;]
},Server stats: [[Server:customer-service:8091;	Zone:UNKNOWN;	Total Requests:0;	Successive connection failure:0;	Total blackout seconds:0;	Last connection made:Thu Jan 01 09:00:00 KST 1970;	First connection made: Thu Jan 01 09:00:00 KST 1970;	Active Connections:0;	total failure count in last (1000) msecs:0;	average resp time:0.0;	90 percentile resp time:0.0;	95 percentile resp time:0.0;	min resp time:0.0;	max resp time:0.0;	stddev resp time:0.0]
, [Server:customer-service:9091;	Zone:UNKNOWN;	Total Requests:0;	Successive connection failure:0;	Total blackout seconds:0;	Last connection made:Thu Jan 01 09:00:00 KST 1970;	First connection made: Thu Jan 01 09:00:00 KST 1970;	Active Connections:0;	total failure count in last (1000) msecs:0;	average resp time:0.0;	90 percentile resp time:0.0;	95 percentile resp time:0.0;	min resp time:0.0;	max resp time:0.0;	stddev resp time:0.0]
]}ServerList:com.netflix.loadbalancer.ConfigurationBasedServerList@6cd42258
2022-05-02 19:00:04.201  INFO 10927 --- [       Thread-4] hoverfly                                 : Found response delay setting for this request host: {customer-service:8091  100} 
2022-05-02 19:00:04.201  INFO 10927 --- [       Thread-4] hoverfly                                 : Pausing before sending the response to simulate delays 
2022-05-02 19:00:04.302  INFO 10927 --- [       Thread-4] hoverfly                                 : Response delay completed 
2022-05-02 19:00:04.308  INFO 10927 --- [nio-8092-exec-1] c.e.r.controller.RuleController          : 호출을 하였어요!>>>> result:8091, id:0, localPort:8092
2022-05-02 19:00:04.325  INFO 10927 --- [    Test worker] c.e.r.controller.RuleControllerTest      : >>>8091
2022-05-02 19:00:04.329  INFO 10927 --- [       Thread-4] hoverfly                                 : Found response delay setting for this request host: {customer-service:9091  200} 
2022-05-02 19:00:04.330  INFO 10927 --- [       Thread-4] hoverfly                                 : Pausing before sending the response to simulate delays 
2022-05-02 19:00:04.530  INFO 10927 --- [       Thread-4] hoverfly                                 : Response delay completed 
2022-05-02 19:00:04.531  INFO 10927 --- [nio-8092-exec-2] c.e.r.controller.RuleController          : 호출을 하였어요!>>>> result:9091, id:1, localPort:8092
2022-05-02 19:00:04.533  INFO 10927 --- [    Test worker] c.e.r.controller.RuleControllerTest      : >>>9091
2022-05-02 19:00:04.536  INFO 10927 --- [       Thread-4] hoverfly                                 : Found response delay setting for this request host: {customer-service:8091  100} 
2022-05-02 19:00:04.537  INFO 10927 --- [       Thread-4] hoverfly                                 : Pausing before sending the response to simulate delays 
2022-05-02 19:00:04.637  INFO 10927 --- [       Thread-4] hoverfly                                 : Response delay completed 
2022-05-02 19:00:04.637  INFO 10927 --- [nio-8092-exec-3] c.e.r.controller.RuleController          : 호출을 하였어요!>>>> result:8091, id:2, localPort:8092
2022-05-02 19:00:04.639  INFO 10927 --- [    Test worker] c.e.r.controller.RuleControllerTest      : >>>8091
2022-05-02 19:00:04.643  INFO 10927 --- [       Thread-4] hoverfly                                 : Found response delay setting for this request host: {customer-service:9091  200} 
2022-05-02 19:00:04.643  INFO 10927 --- [       Thread-4] hoverfly                                 : Pausing before sending the response to simulate delays 
2022-05-02 19:00:04.844  INFO 10927 --- [       Thread-4] hoverfly                                 : Response delay completed 
2022-05-02 19:00:04.844  INFO 10927 --- [nio-8092-exec-4] c.e.r.controller.RuleController          : 호출을 하였어요!>>>> result:9091, id:3, localPort:8092
2022-05-02 19:00:04.845  INFO 10927 --- [    Test worker] c.e.r.controller.RuleControllerTest      : >>>9091
2022-05-02 19:00:04.849  INFO 10927 --- [       Thread-4] hoverfly                                 : Found response delay setting for this request host: {customer-service:8091  100} 
2022-05-02 19:00:04.849  INFO 10927 --- [       Thread-4] hoverfly                                 : Pausing before sending the response to simulate delays 
2022-05-02 19:00:04.950  INFO 10927 --- [       Thread-4] hoverfly                                 : Response delay completed 
2022-05-02 19:00:04.950  INFO 10927 --- [nio-8092-exec-5] c.e.r.controller.RuleController          : 호출을 하였어요!>>>> result:8091, id:4, localPort:8092
2022-05-02 19:00:04.952  INFO 10927 --- [    Test worker] c.e.r.controller.RuleControllerTest      : >>>8091
2022-05-02 19:00:04.956  INFO 10927 --- [       Thread-4] hoverfly                                 : Found response delay setting for this request host: {customer-service:9091  200} 
2022-05-02 19:00:04.957  INFO 10927 --- [       Thread-4] hoverfly                                 : Pausing before sending the response to simulate delays 
2022-05-02 19:00:05.157  INFO 10927 --- [       Thread-4] hoverfly                                 : Response delay completed 
2022-05-02 19:00:05.157  INFO 10927 --- [nio-8092-exec-6] c.e.r.controller.RuleController          : 호출을 하였어요!>>>> result:9091, id:5, localPort:8092
2022-05-02 19:00:05.159  INFO 10927 --- [    Test worker] c.e.r.controller.RuleControllerTest      : >>>9091
2022-05-02 19:00:05.162  INFO 10927 --- [       Thread-4] hoverfly                                 : Found response delay setting for this request host: {customer-service:8091  100} 
2022-05-02 19:00:05.163  INFO 10927 --- [       Thread-4] hoverfly                                 : Pausing before sending the response to simulate delays 
2022-05-02 19:00:05.165  INFO 10927 --- [erListUpdater-0] c.netflix.config.ChainedDynamicProperty  : Flipping property: customer-service.ribbon.ActiveConnectionsLimit to use NEXT property: niws.loadbalancer.availabilityFilteringRule.activeConnectionsLimit = 2147483647
2022-05-02 19:00:05.263  INFO 10927 --- [       Thread-4] hoverfly                                 : Response delay completed 
2022-05-02 19:00:05.263  INFO 10927 --- [nio-8092-exec-7] c.e.r.controller.RuleController          : 호출을 하였어요!>>>> result:8091, id:6, localPort:8092
2022-05-02 19:00:05.265  INFO 10927 --- [    Test worker] c.e.r.controller.RuleControllerTest      : >>>8091
2022-05-02 19:00:05.269  INFO 10927 --- [       Thread-4] hoverfly                                 : Found response delay setting for this request host: {customer-service:9091  200} 
2022-05-02 19:00:05.269  INFO 10927 --- [       Thread-4] hoverfly                                 : Pausing before sending the response to simulate delays 
2022-05-02 19:00:05.470  INFO 10927 --- [       Thread-4] hoverfly                                 : Response delay completed 
2022-05-02 19:00:05.470  INFO 10927 --- [nio-8092-exec-8] c.e.r.controller.RuleController          : 호출을 하였어요!>>>> result:9091, id:7, localPort:8092
2022-05-02 19:00:05.472  INFO 10927 --- [    Test worker] c.e.r.controller.RuleControllerTest      : >>>9091
2022-05-02 19:00:05.475  INFO 10927 --- [       Thread-4] hoverfly                                 : Found response delay setting for this request host: {customer-service:8091  100} 
2022-05-02 19:00:05.475  INFO 10927 --- [       Thread-4] hoverfly                                 : Pausing before sending the response to simulate delays 
2022-05-02 19:00:05.576  INFO 10927 --- [       Thread-4] hoverfly                                 : Response delay completed 
2022-05-02 19:00:05.576  INFO 10927 --- [nio-8092-exec-9] c.e.r.controller.RuleController          : 호출을 하였어요!>>>> result:8091, id:8, localPort:8092
2022-05-02 19:00:05.577  INFO 10927 --- [    Test worker] c.e.r.controller.RuleControllerTest      : >>>8091
2022-05-02 19:00:05.580  INFO 10927 --- [       Thread-4] hoverfly                                 : Found response delay setting for this request host: {customer-service:9091  200} 
2022-05-02 19:00:05.580  INFO 10927 --- [       Thread-4] hoverfly                                 : Pausing before sending the response to simulate delays 
2022-05-02 19:00:05.781  INFO 10927 --- [       Thread-4] hoverfly                                 : Response delay completed 
2022-05-02 19:00:05.782  INFO 10927 --- [io-8092-exec-10] c.e.r.controller.RuleController          : 호출을 하였어요!>>>> result:9091, id:9, localPort:8092
2022-05-02 19:00:05.784  INFO 10927 --- [    Test worker] c.e.r.controller.RuleControllerTest      : >>>9091
2022-05-02 19:00:05.788  INFO 10927 --- [       Thread-4] hoverfly                                 : Found response delay setting for this request host: {customer-service:8091  100} 
2022-05-02 19:00:05.788  INFO 10927 --- [       Thread-4] hoverfly                                 : Pausing before sending the response to simulate delays 
2022-05-02 19:00:05.889  INFO 10927 --- [       Thread-4] hoverfly                                 : Response delay completed 
2022-05-02 19:00:05.889  INFO 10927 --- [nio-8092-exec-1] c.e.r.controller.RuleController          : 호출을 하였어요!>>>> result:8091, id:10, localPort:8092
2022-05-02 19:00:05.890  INFO 10927 --- [    Test worker] c.e.r.controller.RuleControllerTest      : >>>8091
2022-05-02 19:00:05.894  INFO 10927 --- [       Thread-4] hoverfly                                 : Found response delay setting for this request host: {customer-service:9091  200} 
2022-05-02 19:00:05.894  INFO 10927 --- [       Thread-4] hoverfly                                 : Pausing before sending the response to simulate delays 
2022-05-02 19:00:06.094  INFO 10927 --- [       Thread-4] hoverfly                                 : Response delay completed 
2022-05-02 19:00:06.094  INFO 10927 --- [nio-8092-exec-2] c.e.r.controller.RuleController          : 호출을 하였어요!>>>> result:9091, id:11, localPort:8092
2022-05-02 19:00:06.096  INFO 10927 --- [    Test worker] c.e.r.controller.RuleControllerTest      : >>>9091
2022-05-02 19:00:06.099  INFO 10927 --- [       Thread-4] hoverfly                                 : Found response delay setting for this request host: {customer-service:8091  100} 
2022-05-02 19:00:06.100  INFO 10927 --- [       Thread-4] hoverfly                                 : Pausing before sending the response to simulate delays 
2022-05-02 19:00:06.200  INFO 10927 --- [       Thread-4] hoverfly                                 : Response delay completed 
2022-05-02 19:00:06.200  INFO 10927 --- [nio-8092-exec-3] c.e.r.controller.RuleController          : 호출을 하였어요!>>>> result:8091, id:12, localPort:8092
2022-05-02 19:00:06.201  INFO 10927 --- [    Test worker] c.e.r.controller.RuleControllerTest      : >>>8091
2022-05-02 19:00:06.205  INFO 10927 --- [       Thread-4] hoverfly                                 : Found response delay setting for this request host: {customer-service:9091  200} 
2022-05-02 19:00:06.205  INFO 10927 --- [       Thread-4] hoverfly                                 : Pausing before sending the response to simulate delays 
2022-05-02 19:00:06.406  INFO 10927 --- [       Thread-4] hoverfly                                 : Response delay completed 
2022-05-02 19:00:06.406  INFO 10927 --- [nio-8092-exec-4] c.e.r.controller.RuleController          : 호출을 하였어요!>>>> result:9091, id:13, localPort:8092
2022-05-02 19:00:06.408  INFO 10927 --- [    Test worker] c.e.r.controller.RuleControllerTest      : >>>9091
2022-05-02 19:00:06.411  INFO 10927 --- [       Thread-4] hoverfly                                 : Found response delay setting for this request host: {customer-service:8091  100} 
2022-05-02 19:00:06.412  INFO 10927 --- [       Thread-4] hoverfly                                 : Pausing before sending the response to simulate delays 
2022-05-02 19:00:06.512  INFO 10927 --- [       Thread-4] hoverfly                                 : Response delay completed 
2022-05-02 19:00:06.512  INFO 10927 --- [nio-8092-exec-5] c.e.r.controller.RuleController          : 호출을 하였어요!>>>> result:8091, id:14, localPort:8092
2022-05-02 19:00:06.514  INFO 10927 --- [    Test worker] c.e.r.controller.RuleControllerTest      : >>>8091
2022-05-02 19:00:06.519  INFO 10927 --- [       Thread-4] hoverfly                                 : Found response delay setting for this request host: {customer-service:9091  200} 
2022-05-02 19:00:06.519  INFO 10927 --- [       Thread-4] hoverfly                                 : Pausing before sending the response to simulate delays 
2022-05-02 19:00:06.719  INFO 10927 --- [       Thread-4] hoverfly                                 : Response delay completed 
2022-05-02 19:00:06.719  INFO 10927 --- [nio-8092-exec-6] c.e.r.controller.RuleController          : 호출을 하였어요!>>>> result:9091, id:15, localPort:8092
2022-05-02 19:00:06.721  INFO 10927 --- [    Test worker] c.e.r.controller.RuleControllerTest      : >>>9091
2022-05-02 19:00:06.724  INFO 10927 --- [       Thread-4] hoverfly                                 : Found response delay setting for this request host: {customer-service:8091  100} 
2022-05-02 19:00:06.724  INFO 10927 --- [       Thread-4] hoverfly                                 : Pausing before sending the response to simulate delays 
2022-05-02 19:00:06.825  INFO 10927 --- [       Thread-4] hoverfly                                 : Response delay completed 
2022-05-02 19:00:06.826  INFO 10927 --- [nio-8092-exec-7] c.e.r.controller.RuleController          : 호출을 하였어요!>>>> result:8091, id:16, localPort:8092
2022-05-02 19:00:06.828  INFO 10927 --- [    Test worker] c.e.r.controller.RuleControllerTest      : >>>8091
2022-05-02 19:00:06.831  INFO 10927 --- [       Thread-4] hoverfly                                 : Found response delay setting for this request host: {customer-service:9091  200} 
2022-05-02 19:00:06.831  INFO 10927 --- [       Thread-4] hoverfly                                 : Pausing before sending the response to simulate delays 
2022-05-02 19:00:07.032  INFO 10927 --- [       Thread-4] hoverfly                                 : Response delay completed 
2022-05-02 19:00:07.032  INFO 10927 --- [nio-8092-exec-8] c.e.r.controller.RuleController          : 호출을 하였어요!>>>> result:9091, id:17, localPort:8092
2022-05-02 19:00:07.034  INFO 10927 --- [    Test worker] c.e.r.controller.RuleControllerTest      : >>>9091
2022-05-02 19:00:07.038  INFO 10927 --- [       Thread-4] hoverfly                                 : Found response delay setting for this request host: {customer-service:8091  100} 
2022-05-02 19:00:07.038  INFO 10927 --- [       Thread-4] hoverfly                                 : Pausing before sending the response to simulate delays 
2022-05-02 19:00:07.138  INFO 10927 --- [       Thread-4] hoverfly                                 : Response delay completed 
2022-05-02 19:00:07.139  INFO 10927 --- [nio-8092-exec-9] c.e.r.controller.RuleController          : 호출을 하였어요!>>>> result:8091, id:18, localPort:8092
2022-05-02 19:00:07.140  INFO 10927 --- [    Test worker] c.e.r.controller.RuleControllerTest      : >>>8091
2022-05-02 19:00:07.144  INFO 10927 --- [       Thread-4] hoverfly                                 : Found response delay setting for this request host: {customer-service:9091  200} 
2022-05-02 19:00:07.144  INFO 10927 --- [       Thread-4] hoverfly                                 : Pausing before sending the response to simulate delays 
2022-05-02 19:00:07.344  INFO 10927 --- [       Thread-4] hoverfly                                 : Response delay completed 
2022-05-02 19:00:07.344  INFO 10927 --- [io-8092-exec-10] c.e.r.controller.RuleController          : 호출을 하였어요!>>>> result:9091, id:19, localPort:8092
2022-05-02 19:00:07.346  INFO 10927 --- [    Test worker] c.e.r.controller.RuleControllerTest      : >>>9091
2022-05-02 19:00:07.346  INFO 10927 --- [    Test worker] c.e.r.controller.RuleControllerTest      : TEST RESULT: 8091=10, 9091=10
2022-05-02 19:00:07.353  INFO 10927 --- [    Test worker] io.specto.hoverfly.junit.core.Hoverfly   : Destroying hoverfly process
]]></system-out>
  <system-err><![CDATA[]]></system-err>
</testsuite>
